<?xml version="1.0" encoding="UTF-8"?>
<testsuite xmlns:xsi="http://www.w3.org/2001/XMLSchema-instance" xsi:noNamespaceSchemaLocation="https://maven.apache.org/surefire/maven-surefire-plugin/xsd/surefire-test-report.xsd" name="cucumber.Options.TestRunner" time="8.242" tests="2" errors="0" skipped="0" failures="0">
  <properties>
[...]
</properties>
  <testcase name="Variry if a place is being added sucessfully using addplaceAPI" classname="Validate Place API&apos;s" time="5.308"/>
  <testcase name="Verify if place is added successfully using deletePlaceAPI" classname="Validate Place API&apos;s" time="2.309"/>
</testsuite>